TN:
SF:src/anyval.ts
FN:15,(anonymous_0)
FN:19,(anonymous_1)
FN:5,(anonymous_2)
FN:9,(anonymous_3)
FN:10,(anonymous_4)
FNF:5
FNH:5
FNDA:364102,(anonymous_0)
FNDA:676131,(anonymous_1)
FNDA:399403,(anonymous_2)
FNDA:2026,(anonymous_3)
FNDA:39018,(anonymous_4)
DA:3,8
DA:5,8
DA:6,399403
DA:9,8
DA:10,39018
DA:16,364102
DA:20,676131
LF:7
LH:7
BRF:0
BRH:0
end_of_record
TN:
SF:src/board.ts
FN:60,(anonymous_1)
FN:62,(anonymous_2)
FN:24,(anonymous_3)
FN:28,(anonymous_4)
FN:29,(anonymous_5)
FN:32,(anonymous_6)
FN:52,(anonymous_7)
FN:53,(anonymous_8)
FN:53,(anonymous_9)
FN:56,(anonymous_10)
FN:57,(anonymous_11)
FN:68,(anonymous_12)
FN:85,(anonymous_13)
FN:89,(anonymous_14)
FN:99,(anonymous_15)
FN:111,(anonymous_16)
FN:120,(anonymous_17)
FN:127,(anonymous_18)
FN:128,(anonymous_19)
FN:132,(anonymous_20)
FN:133,(anonymous_21)
FN:137,(anonymous_22)
FN:141,(anonymous_23)
FN:14,(anonymous_24)
FN:15,(anonymous_25)
FNF:25
FNH:15
FNDA:2026,(anonymous_1)
FNDA:39018,(anonymous_2)
FNDA:5300,(anonymous_3)
FNDA:1,(anonymous_4)
FNDA:8,(anonymous_5)
FNDA:64,(anonymous_6)
FNDA:0,(anonymous_7)
FNDA:0,(anonymous_8)
FNDA:0,(anonymous_9)
FNDA:0,(anonymous_10)
FNDA:0,(anonymous_11)
FNDA:32,(anonymous_12)
FNDA:0,(anonymous_13)
FNDA:1966,(anonymous_14)
FNDA:4,(anonymous_15)
FNDA:0,(anonymous_16)
FNDA:0,(anonymous_17)
FNDA:106,(anonymous_18)
FNDA:1972,(anonymous_19)
FNDA:0,(anonymous_20)
FNDA:0,(anonymous_21)
FNDA:155342,(anonymous_22)
FNDA:1,(anonymous_23)
FNDA:24,(anonymous_24)
FNDA:490,(anonymous_25)
DA:2,8
DA:3,8
DA:5,8
DA:6,8
DA:8,8
DA:12,8
DA:14,8
DA:15,490
DA:19,24
DA:25,5300
DA:29,1
DA:30,8
DA:31,8
DA:32,8
DA:33,64
DA:34,64
DA:35,61
DA:37,3
DA:38,2
DA:39,2
DA:41,3
DA:44,8
DA:45,7
DA:46,7
DA:48,8
DA:53,0
DA:57,0
DA:61,2026
DA:62,39018
DA:65,2026
DA:72,32
DA:73,32
DA:74,32
DA:75,32
DA:76,32
DA:77,32
DA:78,32
DA:79,32
DA:81,32
DA:86,0
DA:90,1966
DA:91,1966
DA:92,1966
DA:93,1966
DA:94,1966
DA:95,1966
DA:100,4
DA:101,4
DA:102,4
DA:103,4
DA:104,4
DA:105,4
DA:106,4
DA:107,4
DA:112,0
DA:113,0
DA:114,0
DA:115,0
DA:116,0
DA:121,0
DA:122,0
DA:123,0
DA:124,0
DA:128,106
DA:129,1972
DA:133,0
DA:134,0
DA:138,155342
DA:142,1
LF:69
LH:55
BRDA:34,0,0,61
BRDA:34,0,1,3
BRDA:37,1,0,2
BRDA:37,1,1,1
BRDA:44,2,0,7
BRDA:44,2,1,1
BRDA:74,3,0,32
BRDA:74,3,1,0
BRDA:74,4,0,32
BRDA:74,4,1,32
BRDA:91,5,0,1966
BRDA:91,5,1,0
BRDA:102,6,0,4
BRDA:102,6,1,0
BRDA:102,7,0,4
BRDA:102,7,1,4
BRDA:113,8,0,0
BRDA:113,8,1,0
BRF:18
BRH:13
end_of_record
TN:
SF:src/cmap.ts
FN:15,(anonymous_0)
FN:20,(anonymous_1)
FN:24,(anonymous_2)
FN:29,(anonymous_3)
FN:8,(anonymous_4)
FN:46,(anonymous_5)
FN:62,(anonymous_6)
FNF:7
FNH:6
FNDA:48,(anonymous_0)
FNDA:26910,(anonymous_1)
FNDA:0,(anonymous_2)
FNDA:8,(anonymous_3)
FNDA:8,(anonymous_4)
FNDA:24,(anonymous_5)
FNDA:106772,(anonymous_6)
DA:1,8
DA:3,8
DA:5,8
DA:8,8
DA:9,8
DA:16,48
DA:17,48
DA:21,26910
DA:25,0
DA:30,8
DA:36,8
DA:53,24
DA:54,24
DA:55,24
DA:56,24
DA:57,24
DA:58,24
DA:59,24
DA:63,106772
DA:64,17298
DA:65,89474
DA:66,17676
DA:67,71798
DA:68,15080
DA:69,56718
DA:70,6480
DA:71,50238
DA:72,21933
DA:74,28305
DA:75,15479
DA:77,12826
LF:31
LH:30
BRDA:21,0,0,15246
BRDA:21,0,1,11664
BRDA:63,1,0,17298
BRDA:63,1,1,89474
BRDA:65,2,0,17676
BRDA:65,2,1,71798
BRDA:67,3,0,15080
BRDA:67,3,1,56718
BRDA:69,4,0,6480
BRDA:69,4,1,50238
BRDA:71,5,0,21933
BRDA:71,5,1,28305
BRDA:74,6,0,15479
BRDA:74,6,1,12826
BRDA:74,7,0,0
BRDA:74,7,1,28305
BRDA:74,8,0,28305
BRDA:74,8,1,28305
BRF:18
BRH:17
end_of_record
TN:
SF:src/dir.ts
FN:58,(anonymous_1)
FN:50,(anonymous_2)
FN:54,(anonymous_3)
FN:63,(anonymous_4)
FN:67,(anonymous_5)
FN:71,(anonymous_6)
FN:16,(anonymous_7)
FN:38,(anonymous_8)
FN:40,(anonymous_9)
FN:42,(anonymous_10)
FN:45,(anonymous_11)
FN:121,(anonymous_12)
FN:113,(anonymous_13)
FN:117,(anonymous_14)
FN:126,(anonymous_15)
FN:130,(anonymous_16)
FN:134,(anonymous_17)
FN:78,(anonymous_18)
FN:100,(anonymous_19)
FN:102,(anonymous_20)
FN:104,(anonymous_21)
FN:108,(anonymous_22)
FNF:22
FNH:14
FNDA:64,(anonymous_1)
FNDA:0,(anonymous_2)
FNDA:483,(anonymous_3)
FNDA:0,(anonymous_4)
FNDA:483,(anonymous_5)
FNDA:357013,(anonymous_6)
FNDA:64,(anonymous_7)
FNDA:1,(anonymous_8)
FNDA:0,(anonymous_9)
FNDA:64,(anonymous_10)
FNDA:64,(anonymous_11)
FNDA:64,(anonymous_12)
FNDA:168,(anonymous_13)
FNDA:0,(anonymous_14)
FNDA:0,(anonymous_15)
FNDA:0,(anonymous_16)
FNDA:356506,(anonymous_17)
FNDA:64,(anonymous_18)
FNDA:0,(anonymous_19)
FNDA:0,(anonymous_20)
FNDA:64,(anonymous_21)
FNDA:64,(anonymous_22)
DA:2,8
DA:3,8
DA:4,8
DA:6,8
DA:7,8
DA:8,8
DA:9,8
DA:14,8
DA:16,64
DA:18,8
DA:19,8
DA:20,8
DA:21,8
DA:22,8
DA:23,8
DA:24,8
DA:25,8
DA:27,8
DA:38,8
DA:40,8
DA:42,8
DA:43,64
DA:45,8
DA:46,64
DA:51,0
DA:55,483
DA:59,64
DA:60,64
DA:64,0
DA:68,483
DA:72,357013
DA:76,8
DA:78,64
DA:80,8
DA:81,8
DA:82,8
DA:83,8
DA:84,8
DA:85,8
DA:86,8
DA:87,8
DA:89,8
DA:100,8
DA:102,8
DA:104,64
DA:108,8
DA:109,64
DA:114,168
DA:118,0
DA:122,64
DA:123,64
DA:127,0
DA:131,0
DA:135,356506
LF:54
LH:49
BRF:0
BRH:0
end_of_record
TN:
SF:src/disp.ts
FN:74,(anonymous_1)
FN:70,(anonymous_2)
FN:78,(anonymous_3)
FN:82,(anonymous_4)
FN:9,(anonymous_5)
FN:64,(anonymous_6)
FN:66,(anonymous_7)
FN:88,isD0Key
FN:126,(anonymous_9)
FN:94,(anonymous_10)
FNF:10
FNH:10
FNDA:232,(anonymous_1)
FNDA:713519,(anonymous_2)
FNDA:16,(anonymous_3)
FNDA:106,(anonymous_4)
FNDA:232,(anonymous_5)
FNDA:192,(anonymous_6)
FNDA:120,(anonymous_7)
FNDA:242,isD0Key
FNDA:274,(anonymous_9)
FNDA:274,(anonymous_10)
DA:1,8
DA:3,8
DA:7,8
DA:9,232
DA:11,8
DA:12,8
DA:13,8
DA:14,8
DA:15,8
DA:17,8
DA:18,8
DA:19,8
DA:20,8
DA:21,8
DA:22,8
DA:23,8
DA:24,8
DA:25,8
DA:26,8
DA:27,8
DA:28,8
DA:29,8
DA:30,8
DA:31,8
DA:32,8
DA:33,8
DA:34,8
DA:35,8
DA:36,8
DA:37,8
DA:38,8
DA:39,8
DA:40,8
DA:42,8
DA:43,8
DA:46,8
DA:64,192
DA:66,120
DA:71,713519
DA:75,232
DA:79,16
DA:83,106
DA:88,8
DA:89,242
DA:92,8
DA:94,274
DA:96,8
DA:97,8
DA:98,8
DA:99,8
DA:100,8
DA:102,8
DA:103,8
DA:105,8
DA:106,8
DA:107,8
DA:108,8
DA:110,8
DA:111,8
DA:112,8
DA:113,8
DA:114,8
DA:115,8
DA:116,8
DA:117,8
DA:120,8
DA:121,8
DA:127,274
DA:128,274
DA:129,274
DA:134,8
DA:136,8
DA:147,8
DA:154,8
DA:161,8
DA:166,8
DA:168,8
DA:172,8
DA:177,8
DA:181,8
LF:80
LH:80
BRDA:78,0,0,16
BRDA:82,1,0,106
BRF:2
BRH:2
end_of_record
TN:
SF:src/fen.ts
FN:17,situation
FN:60,fen
FNF:2
FNH:1
FNDA:21,situation
FNDA:0,fen
DA:3,8
DA:4,8
DA:5,8
DA:6,8
DA:7,8
DA:8,8
DA:9,8
DA:13,8
DA:15,8
DA:17,8
DA:19,21
DA:21,21
DA:23,21
DA:25,21
DA:26,21
DA:29,21
DA:30,21
DA:32,21
DA:33,168
DA:34,168
DA:35,0
DA:37,168
DA:38,725
DA:39,0
DA:41,725
DA:42,483
DA:43,483
DA:44,483
DA:46,242
DA:47,242
DA:48,192
DA:52,168
DA:55,21
DA:57,21
DA:60,8
DA:61,0
DA:62,0
DA:63,0
LF:38
LH:33
BRDA:25,0,0,21
BRDA:25,0,1,0
BRDA:34,1,0,0
BRDA:34,1,1,168
BRDA:38,2,0,0
BRDA:38,2,1,725
BRDA:41,3,0,483
BRDA:41,3,1,242
BRDA:47,4,0,192
BRDA:47,4,1,50
BRF:10
BRH:7
end_of_record
TN:
SF:src/index.ts
FNF:0
FNH:0
DA:1,8
DA:2,8
DA:3,8
DA:4,8
DA:5,8
DA:6,8
DA:7,8
DA:8,8
DA:9,8
DA:10,8
DA:11,8
DA:12,8
DA:13,8
DA:14,8
DA:15,8
DA:17,8
DA:18,8
DA:19,8
DA:20,8
DA:21,8
DA:22,8
DA:23,8
DA:24,8
DA:25,8
DA:26,8
DA:27,8
DA:28,8
DA:29,8
LF:28
LH:28
BRF:0
BRH:0
end_of_record
TN:
SF:src/mapv.ts
FN:15,(anonymous_0)
FN:11,(anonymous_1)
FN:20,(anonymous_2)
FN:24,(anonymous_3)
FN:28,(anonymous_4)
FN:32,(anonymous_5)
FN:5,(anonymous_6)
FN:6,(anonymous_7)
FNF:8
FNH:8
FNDA:2026,(anonymous_0)
FNDA:2002,(anonymous_1)
FNDA:7326,(anonymous_2)
FNDA:157380,(anonymous_3)
FNDA:2034,(anonymous_4)
FNDA:2038,(anonymous_5)
FNDA:24,(anonymous_6)
FNDA:490,(anonymous_7)
DA:3,8
DA:5,8
DA:6,490
DA:12,2002
DA:16,2026
DA:21,7326
DA:25,157380
DA:29,2034
DA:33,2038
LF:9
LH:9
BRF:0
BRH:0
end_of_record
TN:
SF:src/misc.ts
FNF:0
FNH:0
DA:1,8
DA:2,8
DA:3,8
DA:5,8
DA:15,8
DA:26,8
DA:36,8
DA:41,8
DA:46,8
LF:9
LH:9
BRF:0
BRH:0
end_of_record
TN:
SF:src/misc2.ts
FN:4,fenAfterUcis
FN:7,(anonymous_1)
FNF:2
FNH:0
FNDA:0,fenAfterUcis
FNDA:0,(anonymous_1)
DA:1,8
DA:2,8
DA:4,8
DA:6,0
DA:8,0
DA:9,0
DA:13,0
LF:7
LH:3
BRDA:8,0,0,0
BRDA:8,0,1,0
BRDA:8,1,0,0
BRDA:8,1,1,0
BRDA:9,2,0,0
BRDA:9,2,1,0
BRDA:9,3,0,0
BRDA:9,3,1,0
BRDA:11,4,0,0
BRDA:11,4,1,0
BRDA:13,5,0,0
BRDA:13,5,1,0
BRDA:13,6,0,0
BRDA:13,6,1,0
BRF:14
BRH:0
end_of_record
TN:
SF:src/move.ts
FN:86,(anonymous_0)
FN:41,(anonymous_1)
FN:45,(anonymous_2)
FN:49,(anonymous_3)
FN:53,(anonymous_4)
FN:57,(anonymous_5)
FN:61,(anonymous_6)
FN:11,(anonymous_7)
FN:110,isMove
FNF:9
FNH:5
FNDA:2002,(anonymous_0)
FNDA:0,(anonymous_1)
FNDA:0,(anonymous_2)
FNDA:0,(anonymous_3)
FNDA:0,(anonymous_4)
FNDA:6,(anonymous_5)
FNDA:1,(anonymous_6)
FNDA:2002,(anonymous_7)
FNDA:2032,isMove
DA:2,8
DA:4,8
DA:5,8
DA:9,8
DA:11,8
DA:20,2002
DA:42,0
DA:46,0
DA:50,0
DA:54,0
DA:58,6
DA:62,1
DA:63,0
DA:64,1
DA:65,0
DA:68,1
DA:69,1
DA:70,1
DA:71,1
DA:73,1
DA:74,1
DA:75,1
DA:76,1
DA:77,1
DA:78,1
DA:79,1
DA:80,1
DA:82,1
DA:95,2002
DA:96,2002
DA:97,2002
DA:98,2002
DA:99,2002
DA:100,2002
DA:101,2002
DA:102,2002
DA:104,2002
DA:110,8
DA:111,2032
LF:39
LH:33
BRDA:58,0,0,6
BRDA:58,0,1,6
BRDA:58,1,0,6
BRDA:58,1,1,0
BRDA:58,2,0,6
BRDA:58,2,1,6
BRDA:62,3,0,0
BRDA:62,3,1,1
BRDA:62,4,0,1
BRDA:62,4,1,0
BRDA:62,5,0,1
BRDA:62,5,1,1
BRDA:64,6,0,0
BRDA:64,6,1,1
BRDA:64,7,0,1
BRDA:64,7,1,0
BRDA:64,8,0,1
BRDA:64,8,1,1
BRDA:70,9,0,1
BRDA:70,9,1,0
BRDA:71,10,0,1
BRDA:71,10,1,1
BRDA:74,11,0,0
BRDA:74,11,1,1
BRDA:75,12,0,0
BRDA:75,12,1,1
BRDA:76,13,0,0
BRDA:76,13,1,1
BRDA:78,14,0,0
BRDA:78,14,1,1
BRDA:111,15,0,2032
BRDA:111,15,1,2002
BRF:32
BRH:22
end_of_record
TN:
SF:src/piece.ts
FN:14,isPieceKey
FN:37,(anonymous_2)
FN:32,(anonymous_3)
FN:45,(anonymous_4)
FN:50,(anonymous_5)
FN:54,(anonymous_6)
FN:20,(anonymous_7)
FN:25,(anonymous_8)
FN:27,(anonymous_9)
FNF:9
FNH:8
FNDA:725,isPieceKey
FNDA:603,(anonymous_2)
FNDA:1,(anonymous_3)
FNDA:0,(anonymous_4)
FNDA:2041,(anonymous_5)
FNDA:97229,(anonymous_6)
FNDA:603,(anonymous_7)
FNDA:16,(anonymous_8)
FNDA:96,(anonymous_9)
DA:1,8
DA:2,8
DA:3,8
DA:5,8
DA:6,8
DA:8,8
DA:14,8
DA:15,725
DA:18,8
DA:20,603
DA:22,8
DA:25,8
DA:26,16
DA:27,96
DA:33,1
DA:38,603
DA:40,603
DA:41,603
DA:42,603
DA:46,0
DA:51,2041
DA:55,97229
LF:22
LH:21
BRDA:33,0,0,1
BRDA:33,0,1,0
BRDA:46,1,0,0
BRDA:46,1,1,0
BRF:4
BRH:1
end_of_record
TN:
SF:src/piese.ts
FN:61,(anonymous_1)
FN:20,(anonymous_2)
FN:24,(anonymous_3)
FN:29,(anonymous_4)
FN:35,(anonymous_5)
FN:39,(anonymous_6)
FN:43,(anonymous_7)
FN:44,(anonymous_8)
FN:52,(anonymous_9)
FN:53,(anonymous_10)
FN:70,(anonymous_11)
FN:15,(anonymous_12)
FNF:12
FNH:11
FNDA:2524,(anonymous_1)
FNDA:214310,(anonymous_2)
FNDA:0,(anonymous_3)
FNDA:94506,(anonymous_4)
FNDA:23854,(anonymous_5)
FNDA:236,(anonymous_6)
FNDA:23854,(anonymous_7)
FNDA:94270,(anonymous_8)
FNDA:236,(anonymous_9)
FNDA:236,(anonymous_10)
FNDA:12808,(anonymous_11)
FNDA:2524,(anonymous_12)
DA:1,8
DA:4,8
DA:7,8
DA:13,8
DA:15,2524
DA:21,214310
DA:25,0
DA:30,94506
DA:36,23854
DA:40,236
DA:44,23854
DA:45,94270
DA:48,94270
DA:53,236
DA:54,236
DA:57,236
DA:63,2524
DA:66,2524
DA:67,2524
DA:71,12808
LF:20
LH:19
BRDA:25,0,0,0
BRDA:25,0,1,0
BRDA:32,1,0,11824
BRDA:32,1,1,82682
BRDA:30,2,0,94506
BRDA:30,2,1,26674
BRF:6
BRH:4
end_of_record
TN:
SF:src/pos.ts
FN:111,(anonymous_1)
FN:118,(anonymous_2)
FN:122,(anonymous_3)
FN:129,(anonymous_4)
FN:138,(anonymous_5)
FN:21,(anonymous_6)
FN:100,(anonymous_7)
FN:104,(anonymous_8)
FN:106,(anonymous_9)
FNF:9
FNH:8
FNDA:260951,(anonymous_1)
FNDA:94612,(anonymous_2)
FNDA:0,(anonymous_3)
FNDA:356338,(anonymous_4)
FNDA:96,(anonymous_5)
FNDA:260951,(anonymous_6)
FNDA:512,(anonymous_7)
FNDA:49,(anonymous_8)
FNDA:5,(anonymous_9)
DA:2,8
DA:3,8
DA:4,8
DA:5,8
DA:7,8
DA:19,8
DA:21,260951
DA:23,8
DA:24,8
DA:25,8
DA:26,8
DA:27,8
DA:28,8
DA:29,8
DA:30,8
DA:31,8
DA:32,8
DA:33,8
DA:34,8
DA:35,8
DA:36,8
DA:37,8
DA:38,8
DA:39,8
DA:40,8
DA:41,8
DA:42,8
DA:43,8
DA:44,8
DA:45,8
DA:46,8
DA:47,8
DA:48,8
DA:49,8
DA:50,8
DA:51,8
DA:52,8
DA:53,8
DA:54,8
DA:55,8
DA:56,8
DA:57,8
DA:58,8
DA:59,8
DA:60,8
DA:61,8
DA:62,8
DA:63,8
DA:64,8
DA:65,8
DA:66,8
DA:67,8
DA:68,8
DA:69,8
DA:70,8
DA:71,8
DA:72,8
DA:73,8
DA:74,8
DA:75,8
DA:76,8
DA:77,8
DA:78,8
DA:79,8
DA:80,8
DA:81,8
DA:82,8
DA:83,8
DA:84,8
DA:85,8
DA:86,8
DA:89,8
DA:100,512
DA:104,49
DA:106,8
DA:112,260951
DA:114,260951
DA:115,260951
DA:119,94612
DA:123,0
DA:130,356338
DA:131,356338
DA:133,356338
DA:134,259860
DA:139,96
LF:85
LH:84
BRDA:133,0,0,259860
BRDA:133,0,1,96478
BRDA:133,1,0,356338
BRDA:133,1,1,298067
BRF:4
BRH:4
end_of_record
TN:
SF:src/role.ts
FN:75,(anonymous_1)
FN:55,(anonymous_2)
FN:59,(anonymous_3)
FN:63,(anonymous_4)
FN:67,(anonymous_5)
FN:71,(anonymous_6)
FN:79,(anonymous_7)
FN:12,(anonymous_8)
FN:47,(anonymous_9)
FN:49,(anonymous_10)
FN:51,(anonymous_11)
FN:123,(anonymous_12)
FN:102,(anonymous_13)
FN:106,(anonymous_14)
FN:110,(anonymous_15)
FN:114,(anonymous_16)
FN:118,(anonymous_17)
FN:127,(anonymous_18)
FN:131,(anonymous_19)
FN:95,(anonymous_20)
FN:97,(anonymous_21)
FN:140,isColorKey
FNF:22
FNH:15
FNDA:48,(anonymous_1)
FNDA:0,(anonymous_2)
FNDA:256,(anonymous_3)
FNDA:0,(anonymous_4)
FNDA:0,(anonymous_5)
FNDA:0,(anonymous_6)
FNDA:99,(anonymous_7)
FNDA:48,(anonymous_8)
FNDA:606,(anonymous_9)
FNDA:604,(anonymous_10)
FNDA:48,(anonymous_11)
FNDA:641,(anonymous_12)
FNDA:0,(anonymous_13)
FNDA:0,(anonymous_14)
FNDA:107411,(anonymous_15)
FNDA:0,(anonymous_16)
FNDA:52063,(anonymous_17)
FNDA:52162,(anonymous_18)
FNDA:99,(anonymous_19)
FNDA:641,(anonymous_20)
FNDA:603,(anonymous_21)
FNDA:21,isColorKey
DA:2,8
DA:3,8
DA:5,8
DA:6,8
DA:10,8
DA:12,48
DA:14,8
DA:23,8
DA:24,8
DA:25,8
DA:26,8
DA:27,8
DA:28,8
DA:31,8
DA:40,8
DA:47,606
DA:49,604
DA:51,8
DA:52,48
DA:56,0
DA:60,256
DA:64,0
DA:68,0
DA:72,0
DA:76,48
DA:80,99
DA:85,8
DA:88,8
DA:90,8
DA:95,641
DA:97,603
DA:99,8
DA:100,8
DA:103,0
DA:107,0
DA:111,107411
DA:115,0
DA:119,52063
DA:124,641
DA:128,52162
DA:133,99
DA:136,99
DA:140,8
DA:141,21
LF:44
LH:37
BRDA:128,0,0,28188
BRDA:128,0,1,23974
BRDA:97,1,0,303
BRDA:97,1,1,300
BRF:4
BRH:4
end_of_record
TN:
SF:src/route.ts
FN:28,(anonymous_1)
FN:14,(anonymous_2)
FN:36,(anonymous_3)
FN:38,(anonymous_4)
FN:42,(anonymous_5)
FN:8,(anonymous_6)
FNF:6
FNH:6
FNDA:94612,(anonymous_1)
FNDA:96478,(anonymous_2)
FNDA:1972,(anonymous_3)
FNDA:6902,(anonymous_4)
FNDA:94506,(anonymous_5)
FNDA:94612,(anonymous_6)
DA:2,8
DA:6,8
DA:8,8
DA:9,94612
DA:15,96478
DA:16,96478
DA:17,96478
DA:18,356304
DA:19,356304
DA:20,259826
DA:22,96478
DA:25,96478
DA:30,94612
DA:32,94612
DA:33,94612
DA:37,1972
DA:38,6902
DA:43,94506
LF:18
LH:18
BRDA:19,0,0,259826
BRDA:19,0,1,96478
BRF:2
BRH:2
end_of_record
TN:
SF:src/san.ts
FN:8,sanOrCastles
FN:18,san2
FN:28,san
FN:44,makeSan
FN:89,(anonymous_5)
FN:126,(anonymous_6)
FN:136,isCastles
FNF:7
FNH:7
FNDA:3,sanOrCastles
FNDA:2,san2
FNDA:2,san
FNDA:2,makeSan
FNDA:2,(anonymous_5)
FNDA:16,(anonymous_6)
FNDA:11,isCastles
DA:2,8
DA:3,8
DA:4,8
DA:5,8
DA:6,8
DA:8,8
DA:10,3
DA:11,1
DA:12,2
DA:13,0
DA:15,2
DA:18,8
DA:19,2
DA:21,2
DA:22,2
DA:24,0
DA:25,0
DA:28,8
DA:30,2
DA:32,2
DA:34,2
DA:35,2
DA:37,2
DA:39,2
DA:44,8
DA:54,2
DA:55,2
DA:56,2
DA:57,2
DA:58,2
DA:59,2
DA:60,2
DA:61,2
DA:63,2
DA:64,2
DA:78,8
DA:98,2
DA:100,2
DA:101,2
DA:102,2
DA:103,2
DA:104,2
DA:105,2
DA:106,2
DA:107,2
DA:112,8
DA:114,8
DA:115,8
DA:117,8
DA:118,8
DA:120,8
DA:127,16
DA:128,16
DA:129,16
DA:130,16
DA:136,8
DA:137,11
LF:57
LH:54
BRDA:10,0,0,1
BRDA:10,0,1,2
BRDA:12,1,0,0
BRDA:12,1,1,2
BRDA:15,2,0,2
BRDA:15,2,1,2
BRDA:21,3,0,2
BRDA:21,3,1,0
BRDA:34,4,0,2
BRDA:34,4,1,0
BRDA:57,5,0,0
BRDA:57,5,1,2
BRDA:58,6,0,1
BRDA:58,6,1,1
BRDA:59,7,0,1
BRDA:59,7,1,1
BRDA:59,8,0,1
BRDA:59,8,1,0
BRDA:60,9,0,0
BRDA:60,9,1,2
BRDA:63,10,0,2
BRDA:63,10,1,0
BRF:22
BRH:15
end_of_record
TN:
SF:src/situation.ts
FN:56,(anonymous_1)
FN:17,(anonymous_2)
FN:23,(anonymous_3)
FN:27,(anonymous_4)
FN:30,(anonymous_5)
FN:33,(anonymous_6)
FN:36,(anonymous_7)
FN:37,(anonymous_8)
FN:40,(anonymous_9)
FN:44,(anonymous_10)
FN:48,(anonymous_11)
FN:52,(anonymous_12)
FN:63,(anonymous_13)
FN:68,(anonymous_14)
FN:73,(anonymous_15)
FN:12,(anonymous_16)
FNF:16
FNH:14
FNDA:2024,(anonymous_1)
FNDA:0,(anonymous_2)
FNDA:2597,(anonymous_3)
FNDA:53,(anonymous_4)
FNDA:34,(anonymous_5)
FNDA:328,(anonymous_6)
FNDA:1981,(anonymous_7)
FNDA:1638,(anonymous_8)
FNDA:32,(anonymous_9)
FNDA:2002,(anonymous_10)
FNDA:383,(anonymous_11)
FNDA:383,(anonymous_12)
FNDA:0,(anonymous_13)
FNDA:10,(anonymous_14)
FNDA:1,(anonymous_15)
FNDA:2024,(anonymous_16)
DA:1,8
DA:5,8
DA:6,8
DA:7,8
DA:8,8
DA:10,8
DA:12,2024
DA:18,0
DA:19,0
DA:20,0
DA:24,2597
DA:29,53
DA:30,34
DA:32,53
DA:33,328
DA:35,53
DA:36,1981
DA:37,1638
DA:39,53
DA:40,32
DA:42,53
DA:44,2002
DA:49,383
DA:53,383
DA:57,2024
DA:59,2024
DA:60,2024
DA:64,0
DA:69,10
DA:70,10
DA:74,1
DA:75,1
LF:32
LH:28
BRDA:53,0,0,383
BRDA:53,0,1,32
BRDA:69,1,0,0
BRDA:69,1,1,10
BRDA:74,2,0,0
BRDA:74,2,1,1
BRF:6
BRH:4
end_of_record
TN:
SF:src/uci.ts
FN:8,uciOrCastles
FN:19,uci
FN:72,(anonymous_3)
FN:68,(anonymous_4)
FN:51,(anonymous_5)
FN:56,(anonymous_6)
FNF:6
FNH:4
FNDA:22,uciOrCastles
FNDA:21,uci
FNDA:21,(anonymous_3)
FNDA:20,(anonymous_4)
FNDA:0,(anonymous_5)
FNDA:0,(anonymous_6)
DA:2,8
DA:4,8
DA:5,8
DA:6,8
DA:8,8
DA:10,22
DA:11,0
DA:12,22
DA:13,1
DA:15,21
DA:19,8
DA:21,21
DA:23,21
DA:25,21
DA:26,21
DA:28,21
DA:30,21
DA:31,21
DA:32,21
DA:34,21
DA:35,21
DA:49,8
DA:51,8
DA:56,8
DA:58,0
DA:69,20
DA:76,21
DA:78,21
DA:79,21
DA:80,21
LF:30
LH:28
BRDA:10,0,0,0
BRDA:10,0,1,22
BRDA:12,1,0,1
BRDA:12,1,1,21
BRDA:25,2,0,21
BRDA:25,2,1,0
BRDA:32,3,0,1
BRDA:32,3,1,20
BRDA:34,4,0,21
BRDA:34,4,1,0
BRDA:34,5,0,21
BRDA:34,5,1,21
BRDA:69,6,0,20
BRDA:69,6,1,20
BRDA:69,7,0,20
BRDA:69,7,1,0
BRDA:69,8,0,20
BRDA:69,8,1,20
BRDA:59,9,0,0
BRDA:59,9,1,0
BRDA:59,10,0,0
BRDA:59,10,1,0
BRDA:59,11,0,0
BRDA:59,11,1,0
BRF:24
BRH:14
end_of_record
TN:
SF:src/ucicharpair.ts
FN:9,ab
FN:13,uci
FN:31,(anonymous_2)
FN:35,(anonymous_3)
FN:40,(anonymous_4)
FN:46,(anonymous_5)
FN:47,(anonymous_6)
FN:52,(anonymous_7)
FN:56,(anonymous_8)
FNF:9
FNH:5
FNDA:0,ab
FNDA:0,uci
FNDA:1024,(anonymous_2)
FNDA:256,(anonymous_3)
FNDA:512,(anonymous_4)
FNDA:32,(anonymous_5)
FNDA:256,(anonymous_6)
FNDA:0,(anonymous_7)
FNDA:0,(anonymous_8)
DA:1,8
DA:2,8
DA:3,8
DA:5,8
DA:9,8
DA:10,0
DA:13,8
DA:14,0
DA:15,0
DA:17,0
DA:18,0
DA:19,0
DA:21,0
DA:26,8
DA:28,8
DA:29,8
DA:31,8
DA:32,1024
DA:35,8
DA:36,256
DA:39,8
DA:41,512
DA:45,8
DA:47,32
DA:48,256
DA:52,8
DA:53,0
DA:56,8
DA:57,0
LF:29
LH:20
BRDA:14,0,0,0
BRDA:14,0,1,0
BRDA:18,1,0,0
BRDA:18,1,1,0
BRDA:53,2,0,0
BRDA:53,2,1,0
BRDA:57,3,0,0
BRDA:57,3,1,0
BRF:8
BRH:0
end_of_record
TN:
SF:src/actor/actor.ts
FN:140,(anonymous_0)
FN:24,(anonymous_1)
FN:28,(anonymous_2)
FN:32,(anonymous_3)
FN:36,(anonymous_4)
FN:40,(anonymous_5)
FN:44,(anonymous_6)
FN:55,(anonymous_7)
FN:56,(anonymous_8)
FN:66,(anonymous_9)
FN:71,(anonymous_10)
FN:74,(anonymous_11)
FN:90,(anonymous_12)
FN:91,(anonymous_13)
FN:95,(anonymous_14)
FN:115,(anonymous_15)
FN:122,(anonymous_16)
FN:126,(anonymous_17)
FN:20,(anonymous_18)
FN:148,isActor
FNF:20
FNH:18
FNDA:50061,(anonymous_0)
FNDA:236,(anonymous_1)
FNDA:34,(anonymous_2)
FNDA:34,(anonymous_3)
FNDA:0,(anonymous_4)
FNDA:962,(anonymous_5)
FNDA:481,(anonymous_6)
FNDA:42,(anonymous_7)
FNDA:34,(anonymous_8)
FNDA:481,(anonymous_9)
FNDA:236,(anonymous_10)
FNDA:328,(anonymous_11)
FNDA:23833,(anonymous_12)
FNDA:94228,(anonymous_13)
FNDA:154912,(anonymous_14)
FNDA:481,(anonymous_15)
FNDA:106,(anonymous_16)
FNDA:105,(anonymous_17)
FNDA:50061,(anonymous_18)
FNDA:0,isActor
DA:1,8
DA:2,8
DA:4,8
DA:10,8
DA:12,8
DA:13,8
DA:14,8
DA:15,8
DA:16,8
DA:18,8
DA:20,50061
DA:22,50061
DA:25,236
DA:29,34
DA:33,34
DA:37,0
DA:41,962
DA:45,481
DA:46,245
DA:49,236
DA:50,215
DA:54,21
DA:55,42
DA:57,34
DA:58,34
DA:60,34
DA:67,481
DA:68,245
DA:71,236
DA:72,236
DA:74,236
DA:76,328
DA:78,328
DA:79,74
DA:82,328
DA:85,328
DA:91,23833
DA:92,94228
DA:93,94228
DA:95,94228
DA:97,154912
DA:99,154912
DA:105,154912
DA:106,44183
DA:108,110729
DA:110,154912
DA:116,481
DA:117,428
DA:120,53
DA:122,53
DA:123,106
DA:124,106
DA:126,105
DA:128,106
DA:129,32
DA:133,74
DA:142,50061
DA:143,50061
DA:148,8
DA:149,0
LF:60
LH:58
BRDA:45,0,0,245
BRDA:45,0,1,236
BRDA:49,1,0,215
BRDA:49,1,1,21
BRDA:58,2,0,25
BRDA:58,2,1,9
BRDA:62,3,0,34
BRDA:62,3,1,34
BRDA:67,4,0,245
BRDA:67,4,1,236
BRDA:78,5,0,74
BRDA:78,5,1,254
BRDA:105,6,0,44183
BRDA:105,6,1,110729
BRDA:116,7,0,428
BRDA:116,7,1,53
BRDA:128,8,0,32
BRDA:128,8,1,74
BRDA:149,9,0,0
BRDA:149,9,1,0
BRF:20
BRH:18
end_of_record
TN:
SF:src/actor/analysis.ts
FN:72,(anonymous_0)
FN:77,(anonymous_1)
FN:78,(anonymous_2)
FN:81,(anonymous_3)
FN:82,(anonymous_4)
FN:22,(anonymous_5)
FN:26,(anonymous_6)
FN:30,(anonymous_7)
FN:31,(anonymous_8)
FN:34,(anonymous_9)
FN:35,(anonymous_10)
FN:38,(anonymous_11)
FN:39,(anonymous_12)
FN:42,(anonymous_13)
FN:43,(anonymous_14)
FN:46,(anonymous_15)
FN:47,(anonymous_16)
FN:50,(anonymous_17)
FN:51,(anonymous_18)
FN:54,(anonymous_19)
FN:55,(anonymous_20)
FN:58,(anonymous_21)
FN:59,(anonymous_22)
FN:62,(anonymous_23)
FN:64,(anonymous_24)
FN:68,(anonymous_25)
FN:15,(anonymous_26)
FNF:27
FNH:23
FNDA:2597,(anonymous_0)
FNDA:50061,(anonymous_1)
FNDA:25347,(anonymous_2)
FNDA:50061,(anonymous_3)
FNDA:24714,(anonymous_4)
FNDA:0,(anonymous_5)
FNDA:0,(anonymous_6)
FNDA:53,(anonymous_7)
FNDA:481,(anonymous_8)
FNDA:53,(anonymous_9)
FNDA:481,(anonymous_10)
FNDA:2055,(anonymous_11)
FNDA:20074,(anonymous_12)
FNDA:53,(anonymous_13)
FNDA:481,(anonymous_14)
FNDA:53,(anonymous_15)
FNDA:3316,(anonymous_16)
FNDA:383,(anonymous_17)
FNDA:3759,(anonymous_18)
FNDA:0,(anonymous_19)
FNDA:0,(anonymous_20)
FNDA:383,(anonymous_21)
FNDA:24482,(anonymous_22)
FNDA:2002,(anonymous_23)
FNDA:127114,(anonymous_24)
FNDA:2002,(anonymous_25)
FNDA:2597,(anonymous_26)
DA:5,8
DA:7,8
DA:13,8
DA:15,2597
DA:23,0
DA:27,0
DA:31,481
DA:35,481
DA:39,20074
DA:43,481
DA:47,3316
DA:51,3759
DA:55,0
DA:59,24482
DA:63,2002
DA:64,127114
DA:69,2002
DA:74,2597
DA:76,2597
DA:77,50061
DA:78,25347
DA:80,2597
DA:81,50061
DA:82,24714
LF:24
LH:21
BRDA:64,0,0,127114
BRDA:64,0,1,10562
BRDA:65,1,0,0
BRDA:65,1,1,10562
BRDA:65,2,0,10562
BRDA:65,2,1,10562
BRF:6
BRH:5
end_of_record
TN:
SF:src/actor/castle.ts
FN:35,(anonymous_0)
FN:18,(anonymous_1)
FN:22,(anonymous_2)
FN:26,(anonymous_3)
FN:30,(anonymous_4)
FN:10,(anonymous_5)
FNF:6
FNH:6
FNDA:32,(anonymous_0)
FNDA:128,(anonymous_1)
FNDA:64,(anonymous_2)
FNDA:64,(anonymous_3)
FNDA:32,(anonymous_4)
FNDA:32,(anonymous_5)
DA:8,8
DA:10,8
DA:12,32
DA:19,128
DA:23,64
DA:27,64
DA:31,32
DA:38,32
DA:39,32
DA:40,32
LF:10
LH:10
BRF:0
BRH:0
end_of_record
TN:
SF:src/actor/enpassant.ts
FN:26,(anonymous_0)
FN:18,(anonymous_1)
FN:22,(anonymous_2)
FN:11,(anonymous_3)
FNF:4
FNH:3
FNDA:34,(anonymous_0)
FNDA:8,(anonymous_1)
FNDA:0,(anonymous_2)
FNDA:34,(anonymous_3)
DA:9,8
DA:11,8
DA:14,34
DA:19,8
DA:23,0
DA:26,34
DA:27,34
DA:28,34
LF:8
LH:7
BRF:0
BRH:0
end_of_record
TN:
SF:src/actor/index.ts
FN:1,(anonymous_6)
FN:2,(anonymous_7)
FNF:2
FNH:0
FNDA:0,(anonymous_6)
FNDA:0,(anonymous_7)
DA:1,8
DA:2,8
DA:3,8
LF:3
LH:3
BRF:0
BRH:0
end_of_record
TN:
SF:src/actor/mover.ts
FN:12,moveCastles
FN:34,movePawnPush
FN:47,move
FN:61,moveEnPassant
FN:79,orCastles
FN:80,(anonymous_5)
FN:84,san
FN:85,(anonymous_7)
FN:96,uci
FN:97,(anonymous_9)
FNF:10
FNH:8
FNDA:32,moveCastles
FNDA:328,movePawnPush
FNDA:1638,move
FNDA:34,moveEnPassant
FNDA:0,orCastles
FNDA:0,(anonymous_5)
FNDA:1,san
FNDA:13,(anonymous_7)
FNDA:10,uci
FNDA:120,(anonymous_9)
DA:8,8
DA:12,8
DA:14,32
DA:19,32
DA:20,32
DA:34,8
DA:35,328
DA:37,328
DA:38,328
DA:47,8
DA:48,1638
DA:50,1638
DA:51,1638
DA:61,8
DA:62,34
DA:63,30
DA:65,4
DA:68,4
DA:69,4
DA:79,8
DA:80,0
DA:81,0
DA:84,8
DA:85,1
DA:86,13
DA:96,8
DA:97,10
DA:98,120
LF:28
LH:26
BRDA:19,0,0,32
BRDA:19,0,1,0
BRDA:37,1,0,328
BRDA:37,1,1,0
BRDA:50,2,0,1638
BRDA:50,2,1,0
BRDA:57,3,0,216
BRDA:57,3,1,1422
BRDA:62,4,0,30
BRDA:62,4,1,4
BRDA:68,5,0,4
BRDA:68,5,1,0
BRDA:75,6,0,0
BRDA:75,6,1,4
BRDA:75,7,0,4
BRDA:75,7,1,4
BRDA:81,8,0,0
BRDA:81,8,1,0
BRDA:81,9,0,0
BRDA:81,9,1,0
BRDA:81,10,0,0
BRDA:81,10,1,0
BRDA:86,11,0,13
BRDA:86,11,1,13
BRDA:86,11,2,13
BRDA:86,11,3,13
BRDA:86,11,4,1
BRDA:86,11,5,0
BRDA:86,11,6,0
BRDA:86,11,7,0
BRDA:86,12,0,0
BRDA:86,12,1,13
BRDA:87,13,0,0
BRDA:87,13,1,13
BRDA:98,14,0,120
BRDA:98,14,1,22
BRDA:98,14,2,10
BRDA:98,14,3,0
BRDA:98,14,4,0
BRDA:98,14,5,0
BRF:40
BRH:21
end_of_record
TN:
SF:src/actor/pawnpush.ts
FN:33,(anonymous_0)
FN:21,(anonymous_1)
FN:25,(anonymous_2)
FN:29,(anonymous_3)
FN:10,(anonymous_4)
FNF:5
FNH:3
FNDA:328,(anonymous_0)
FNDA:656,(anonymous_1)
FNDA:0,(anonymous_2)
FNDA:0,(anonymous_3)
FNDA:328,(anonymous_4)
DA:5,8
DA:8,8
DA:10,8
DA:13,328
DA:22,656
DA:26,0
DA:30,0
DA:36,328
DA:37,328
DA:38,328
LF:10
LH:8
BRF:0
BRH:0
end_of_record
TN:
SF:src/actor/pressure.ts
FN:57,(anonymous_0)
FN:19,(anonymous_1)
FN:23,(anonymous_2)
FN:29,(anonymous_3)
FN:33,(anonymous_4)
FN:38,(anonymous_5)
FN:43,(anonymous_6)
FN:47,(anonymous_7)
FN:9,(anonymous_8)
FNF:9
FNH:9
FNDA:154912,(anonymous_0)
FNDA:3276,(anonymous_1)
FNDA:24482,(anonymous_2)
FNDA:155215,(anonymous_3)
FNDA:155215,(anonymous_4)
FNDA:15096,(anonymous_5)
FNDA:22209,(anonymous_6)
FNDA:1981,(anonymous_7)
FNDA:154912,(anonymous_8)
DA:2,8
DA:7,8
DA:9,8
DA:13,154912
DA:20,3276
DA:24,24482
DA:30,155215
DA:34,155215
DA:39,15096
DA:44,22209
DA:48,1981
DA:62,154912
DA:63,154912
DA:64,154912
DA:65,154912
DA:66,154912
LF:16
LH:16
BRDA:24,0,0,24482
BRDA:24,0,1,1655
BRDA:24,0,2,1655
BRDA:30,1,0,155215
BRDA:30,1,1,18893
BRDA:34,2,0,155215
BRDA:34,2,1,43645
BRDA:39,3,0,15096
BRDA:39,3,1,13331
BRDA:44,4,0,22209
BRDA:44,4,1,15096
BRDA:48,5,0,1981
BRDA:48,5,1,1765
BRF:13
BRH:13
end_of_record
TN:
SF:src/ava/board.ts
FN:4,(anonymous_1)
FNF:1
FNH:1
FNDA:1,(anonymous_1)
DA:1,1
DA:2,1
DA:4,1
DA:6,1
DA:7,1
DA:8,1
DA:9,1
DA:11,1
DA:16,1
LF:9
LH:9
BRDA:16,0,0,0
BRDA:16,0,1,1
BRDA:16,1,0,1
BRDA:16,1,1,1
BRF:4
BRH:3
end_of_record
TN:
SF:src/ava/fen.ts
FN:7,(anonymous_1)
FN:15,(anonymous_2)
FN:27,(anonymous_3)
FNF:3
FNH:3
FNDA:1,(anonymous_1)
FNDA:1,(anonymous_2)
FNDA:1,(anonymous_3)
DA:1,1
DA:2,1
DA:4,1
DA:5,1
DA:7,1
DA:8,1
DA:15,1
DA:17,1
DA:18,1
DA:19,1
DA:20,1
DA:21,1
DA:23,0
DA:27,1
DA:29,1
DA:30,1
DA:31,1
DA:32,1
DA:33,1
DA:34,1
DA:35,1
DA:36,1
DA:37,1
DA:42,0
LF:24
LH:22
BRDA:18,0,0,1
BRDA:18,0,1,0
BRDA:19,1,0,0
BRDA:19,1,1,1
BRDA:19,2,0,1
BRDA:19,2,1,1
BRDA:20,3,0,0
BRDA:20,3,1,1
BRDA:20,4,0,1
BRDA:20,4,1,1
BRDA:21,5,0,0
BRDA:21,5,1,1
BRDA:21,6,0,1
BRDA:21,6,1,1
BRDA:36,7,0,1
BRDA:36,7,1,0
BRF:16
BRH:11
end_of_record
TN:
SF:src/ava/legacy.ts
FN:4,playMoves
FN:7,(anonymous_2)
FN:8,(anonymous_3)
FN:17,playMove
FN:21,(anonymous_5)
FN:27,(anonymous_6)
FN:33,(anonymous_7)
FN:40,(anonymous_8)
FN:46,(anonymous_9)
FN:52,(anonymous_10)
FN:64,(anonymous_11)
FN:71,(anonymous_12)
FNF:12
FNH:2
FNDA:0,playMoves
FNDA:0,(anonymous_2)
FNDA:0,(anonymous_3)
FNDA:1,playMove
FNDA:0,(anonymous_5)
FNDA:0,(anonymous_6)
FNDA:0,(anonymous_7)
FNDA:0,(anonymous_8)
FNDA:0,(anonymous_9)
FNDA:0,(anonymous_10)
FNDA:0,(anonymous_11)
FNDA:1,(anonymous_12)
DA:1,1
DA:2,1
DA:4,1
DA:5,0
DA:7,0
DA:9,0
DA:10,0
DA:11,0
DA:13,0
DA:17,1
DA:18,1
DA:21,1
DA:22,0
DA:24,0
DA:27,1
DA:28,0
DA:30,0
DA:33,1
DA:34,0
DA:36,0
DA:40,1
DA:41,0
DA:43,0
DA:46,1
DA:47,0
DA:49,0
DA:52,1
DA:53,0
DA:55,0
DA:64,1
DA:65,0
DA:67,0
DA:68,0
DA:71,1
DA:73,1
DA:74,1
LF:36
LH:15
BRDA:4,0,0,0
BRDA:10,1,0,0
BRDA:10,1,1,0
BRDA:67,2,0,0
BRDA:67,2,1,0
BRDA:67,3,0,0
BRDA:67,3,1,0
BRDA:68,4,0,0
BRDA:68,4,1,0
BRDA:68,5,0,0
BRDA:68,5,1,0
BRDA:74,6,0,0
BRDA:74,6,1,1
BRDA:74,7,0,1
BRDA:74,7,1,1
BRF:15
BRH:3
end_of_record
TN:
SF:src/ava/move.ts
FNF:0
FNH:0
DA:1,1
DA:4,1
LF:2
LH:2
BRF:0
BRH:0
end_of_record
TN:
SF:src/ava/piece.ts
FN:4,(anonymous_1)
FNF:1
FNH:1
FNDA:1,(anonymous_1)
DA:1,1
DA:2,1
DA:4,1
DA:6,1
DA:7,1
DA:8,1
DA:10,1
DA:12,1
DA:13,1
LF:9
LH:9
BRF:0
BRH:0
end_of_record
TN:
SF:src/ava/pos.ts
FN:5,(anonymous_1)
FNF:1
FNH:1
FNDA:1,(anonymous_1)
DA:1,1
DA:3,1
DA:5,1
DA:7,1
DA:9,1
LF:5
LH:5
BRF:0
BRH:0
end_of_record
TN:
SF:src/ava/role.ts
FNF:0
FNH:0
DA:1,1
DA:3,1
LF:2
LH:2
BRF:0
BRH:0
end_of_record
TN:
SF:src/ava/san.ts
FN:5,(anonymous_1)
FNF:1
FNH:1
FNDA:1,(anonymous_1)
DA:1,1
DA:3,1
DA:5,1
DA:7,1
DA:9,1
DA:10,1
DA:12,0
DA:15,1
DA:17,1
DA:18,1
DA:19,1
DA:21,0
LF:12
LH:10
BRDA:9,0,0,1
BRDA:9,0,1,0
BRDA:17,1,0,1
BRDA:17,1,1,0
BRDA:19,2,0,0
BRDA:19,2,1,1
BRDA:19,3,0,1
BRDA:19,3,1,1
BRF:8
BRH:5
end_of_record
TN:
SF:src/ava/test.ts
FNF:0
FNH:0
DA:1,1
DA:3,1
LF:2
LH:2
BRF:0
BRH:0
end_of_record
TN:
SF:src/ava/uci.ts
FN:4,(anonymous_1)
FNF:1
FNH:1
FNDA:1,(anonymous_1)
DA:1,1
DA:2,1
DA:4,1
DA:6,1
DA:8,1
DA:9,1
DA:11,0
DA:14,1
DA:16,1
DA:17,1
DA:18,1
DA:19,1
DA:21,0
LF:13
LH:11
BRDA:8,0,0,1
BRDA:8,0,1,0
BRDA:16,1,0,1
BRDA:16,1,1,0
BRDA:19,2,0,0
BRDA:19,2,1,1
BRDA:19,3,0,1
BRDA:19,3,1,1
BRF:8
BRH:5
end_of_record
TN:
SF:src/ava/actor/_read.ts
FN:5,(anonymous_1)
FN:6,(anonymous_2)
FN:8,readPath
FN:22,parseLine
FNF:4
FNH:3
FNDA:1,(anonymous_1)
FNDA:0,(anonymous_2)
FNDA:1,readPath
FNDA:10,parseLine
DA:1,1
DA:2,1
DA:3,1
DA:5,1
DA:6,1
DA:10,1
DA:14,1
DA:15,1
DA:16,10
DA:19,1
DA:23,10
DA:25,10
LF:12
LH:12
BRF:0
BRH:0
end_of_record
TN:
SF:src/ava/actor/mate.ts
FN:5,(anonymous_1)
FN:12,(anonymous_2)
FN:12,(anonymous_3)
FN:13,(anonymous_4)
FN:14,(anonymous_5)
FN:20,(anonymous_6)
FN:24,(anonymous_7)
FN:31,(anonymous_8)
FN:32,(anonymous_9)
FN:40,(anonymous_10)
FN:44,(anonymous_11)
FN:51,(anonymous_12)
FN:51,(anonymous_13)
FN:52,(anonymous_14)
FN:53,(anonymous_15)
FNF:15
FNH:4
FNDA:0,(anonymous_1)
FNDA:0,(anonymous_2)
FNDA:0,(anonymous_3)
FNDA:0,(anonymous_4)
FNDA:0,(anonymous_5)
FNDA:1,(anonymous_6)
FNDA:10,(anonymous_7)
FNDA:383,(anonymous_8)
FNDA:6,(anonymous_9)
FNDA:0,(anonymous_10)
FNDA:0,(anonymous_11)
FNDA:0,(anonymous_12)
FNDA:0,(anonymous_13)
FNDA:0,(anonymous_14)
FNDA:0,(anonymous_15)
DA:1,1
DA:2,1
DA:3,1
DA:5,1
DA:7,0
DA:9,0
DA:11,0
DA:12,0
DA:13,0
DA:14,0
DA:16,0
DA:20,1
DA:22,1
DA:24,1
DA:26,10
DA:28,10
DA:30,10
DA:31,383
DA:32,6
DA:34,10
DA:35,10
DA:40,1
DA:42,0
DA:44,0
DA:46,0
DA:48,0
DA:50,0
DA:51,0
DA:52,0
DA:53,0
DA:55,0
DA:56,0
LF:32
LH:15
BRF:0
BRH:0
end_of_record
